2024/12/23 11:39:51 logger.go:37: 日志系统初始化完成，日志文件：logs\2024-12-23_11-39-51.log
2024/12/23 11:39:51 main.go:178: 程序开始执行，正在打开输入文件 './uploads/新建 XLSX 工作表.xlsx'...
2024/12/23 11:39:51 main.go:196: ✅ 成功读取输入文件，共有 38 行数据需要处理
2024/12/23 11:39:51 main.go:210: 开始并发处理数据，并发数: 4
2024/12/23 11:39:51 main.go:213: ⚠️ 跳过第 1 行：空行
2024/12/23 11:39:51 client.go:42: 开始处理输入文本: 你是谁？
2024/12/23 11:39:51 client.go:42: 开始处理输入文本: 你是谁？
2024/12/23 11:39:51 client.go:42: 开始处理输入文本: 你是谁？
2024/12/23 11:39:51 client.go:42: 开始处理输入文本: 你是谁？
2024/12/23 11:39:53 client.go:93: ✅ 处理完成，耗时: 2.3811585s, 输出长度: 436字符
2024/12/23 11:39:53 main.go:229: 已处理第 8 行
2024/12/23 11:39:53 client.go:42: 开始处理输入文本: 你是谁？
2024/12/23 11:39:54 client.go:93: ✅ 处理完成，耗时: 3.4448536s, 输出长度: 433字符
2024/12/23 11:39:54 main.go:229: 已处理第 7 行
2024/12/23 11:39:54 client.go:42: 开始处理输入文本: 你是谁？
2024/12/23 11:39:55 client.go:93: ✅ 处理完成，耗时: 3.7233163s, 输出长度: 451字符
2024/12/23 11:39:55 main.go:229: 已处理第 2 行
2024/12/23 11:39:55 client.go:42: 开始处理输入文本: 你是谁？
2024/12/23 11:39:55 client.go:93: ✅ 处理完成，耗时: 4.3286115s, 输出长度: 512字符
2024/12/23 11:39:55 main.go:229: 已处理第 4 行
2024/12/23 11:39:55 client.go:42: 开始处理输入文本: 你是谁？
2024/12/23 11:39:56 client.go:93: ✅ 处理完成，耗时: 2.3276463s, 输出长度: 447字符
2024/12/23 11:39:56 main.go:229: 已处理第 3 行
2024/12/23 11:39:56 client.go:42: 开始处理输入文本: 你是谁？
2024/12/23 11:39:57 client.go:93: ✅ 处理完成，耗时: 2.254401s, 输出长度: 424字符
2024/12/23 11:39:57 main.go:229: 已处理第 5 行
2024/12/23 11:39:57 client.go:42: 开始处理输入文本: 你是谁？
2024/12/23 11:39:57 client.go:93: ✅ 处理完成，耗时: 2.2446999s, 输出长度: 416字符
2024/12/23 11:39:57 main.go:229: 已处理第 23 行
2024/12/23 11:39:57 client.go:42: 开始处理输入文本: 你是谁？
2024/12/23 11:39:57 client.go:93: ✅ 处理完成，耗时: 2.2275285s, 输出长度: 449字符
2024/12/23 11:39:57 main.go:229: 已处理第 9 行
2024/12/23 11:39:57 client.go:42: 开始处理输入文本: 你是谁？
2024/12/23 11:39:58 client.go:93: ✅ 处理完成，耗时: 2.0349332s, 输出长度: 401字符
2024/12/23 11:39:58 main.go:229: 已处理第 10 行
2024/12/23 11:39:58 client.go:42: 开始处理输入文本: 你是谁？
2024/12/23 11:39:59 client.go:93: ✅ 处理完成，耗时: 2.404234s, 输出长度: 395字符
2024/12/23 11:39:59 main.go:229: 已处理第 12 行
2024/12/23 11:39:59 client.go:42: 开始处理输入文本: 你是谁？
2024/12/23 11:40:00 client.go:93: ✅ 处理完成，耗时: 2.1863601s, 输出长度: 400字符
2024/12/23 11:40:00 main.go:229: 已处理第 13 行
2024/12/23 11:40:00 client.go:42: 开始处理输入文本: 你是谁？
2024/12/23 11:40:00 client.go:93: ✅ 处理完成，耗时: 3.1513882s, 输出长度: 403字符
2024/12/23 11:40:00 main.go:229: 已处理第 11 行
2024/12/23 11:40:00 client.go:42: 开始处理输入文本: 你是谁？
2024/12/23 11:40:00 client.go:93: ✅ 处理完成，耗时: 2.6815302s, 输出长度: 397字符
2024/12/23 11:40:00 main.go:229: 已处理第 14 行
2024/12/23 11:40:00 client.go:42: 开始处理输入文本: 你是谁？
2024/12/23 11:40:01 client.go:93: ✅ 处理完成，耗时: 1.6533237s, 输出长度: 355字符
2024/12/23 11:40:01 main.go:229: 已处理第 20 行
2024/12/23 11:40:01 client.go:42: 开始处理输入文本: 你是谁？
2024/12/23 11:40:01 client.go:93: ✅ 处理完成，耗时: 2.2490611s, 输出长度: 439字符
2024/12/23 11:40:01 main.go:229: 已处理第 15 行
2024/12/23 11:40:01 client.go:42: 开始处理输入文本: 你是谁？
2024/12/23 11:40:02 client.go:93: ✅ 处理完成，耗时: 2.7000624s, 输出长度: 481字符
2024/12/23 11:40:02 main.go:229: 已处理第 21 行
2024/12/23 11:40:02 client.go:42: 开始处理输入文本: 你是谁？
2024/12/23 11:40:03 client.go:93: ✅ 处理完成，耗时: 2.3128594s, 输出长度: 457字符
2024/12/23 11:40:03 main.go:229: 已处理第 22 行
2024/12/23 11:40:03 client.go:42: 开始处理输入文本: 你是谁？
2024/12/23 11:40:03 client.go:93: ✅ 处理完成，耗时: 1.4084044s, 输出长度: 323字符
2024/12/23 11:40:03 main.go:229: 已处理第 19 行
2024/12/23 11:40:03 client.go:42: 开始处理输入文本: 你是谁？
2024/12/23 11:40:04 client.go:93: ✅ 处理完成，耗时: 2.2116671s, 输出长度: 391字符
2024/12/23 11:40:04 main.go:229: 已处理第 24 行
2024/12/23 11:40:04 client.go:42: 开始处理输入文本: 你是谁？
2024/12/23 11:40:05 client.go:93: ✅ 处理完成，耗时: 2.2373323s, 输出长度: 412字符
2024/12/23 11:40:05 main.go:229: 已处理第 32 行
2024/12/23 11:40:05 client.go:42: 开始处理输入文本: 你是谁？
2024/12/23 11:40:05 client.go:93: ✅ 处理完成，耗时: 2.6114556s, 输出长度: 464字符
2024/12/23 11:40:05 main.go:229: 已处理第 25 行
2024/12/23 11:40:05 client.go:42: 开始处理输入文本: 你是谁？
2024/12/23 11:40:06 client.go:93: ✅ 处理完成，耗时: 3.4599842s, 输出长度: 414字符
2024/12/23 11:40:06 main.go:229: 已处理第 18 行
2024/12/23 11:40:06 client.go:42: 开始处理输入文本: 你是谁？
2024/12/23 11:40:07 client.go:93: ✅ 处理完成，耗时: 2.1435537s, 输出长度: 472字符
2024/12/23 11:40:07 main.go:229: 已处理第 17 行
2024/12/23 11:40:07 client.go:42: 开始处理输入文本: 你是谁？
2024/12/23 11:40:07 client.go:93: ✅ 处理完成，耗时: 3.4199405s, 输出长度: 368字符
2024/12/23 11:40:07 main.go:229: 已处理第 33 行
2024/12/23 11:40:07 client.go:42: 开始处理输入文本: 你是谁？
2024/12/23 11:40:08 client.go:93: ✅ 处理完成，耗时: 2.3808885s, 输出长度: 406字符
2024/12/23 11:40:08 main.go:229: 已处理第 26 行
2024/12/23 11:40:08 client.go:42: 开始处理输入文本: 你是谁？
2024/12/23 11:40:08 client.go:93: ✅ 处理完成，耗时: 2.560755s, 输出长度: 454字符
2024/12/23 11:40:08 main.go:229: 已处理第 29 行
2024/12/23 11:40:08 client.go:42: 开始处理输入文本: 你是谁？
2024/12/23 11:40:09 client.go:93: ✅ 处理完成，耗时: 2.3380767s, 输出长度: 416字符
2024/12/23 11:40:09 main.go:229: 已处理第 27 行
2024/12/23 11:40:09 client.go:42: 开始处理输入文本: 你是谁？
2024/12/23 11:40:10 client.go:93: ✅ 处理完成，耗时: 2.4908494s, 输出长度: 427字符
2024/12/23 11:40:10 main.go:229: 已处理第 34 行
2024/12/23 11:40:10 client.go:42: 开始处理输入文本: 你是谁？
2024/12/23 11:40:12 client.go:93: ✅ 处理完成，耗时: 3.5989666s, 输出长度: 452字符
2024/12/23 11:40:12 main.go:229: 已处理第 37 行
2024/12/23 11:40:12 client.go:42: 开始处理输入文本: 你是谁？
2024/12/23 11:40:12 client.go:93: ✅ 处理完成，耗时: 2.2727903s, 输出长度: 326字符
2024/12/23 11:40:12 main.go:229: 已处理第 36 行
2024/12/23 11:40:12 client.go:42: 开始处理输入文本: 你是谁？
2024/12/23 11:40:13 client.go:93: ✅ 处理完成，耗时: 5.583401s, 输出长度: 476字符
2024/12/23 11:40:13 main.go:229: 已处理第 16 行
2024/12/23 11:40:13 client.go:42: 开始处理输入文本: 你是谁？
2024/12/23 11:40:13 client.go:93: ✅ 处理完成，耗时: 3.5609536s, 输出长度: 451字符
2024/12/23 11:40:13 main.go:229: 已处理第 38 行
2024/12/23 11:40:13 client.go:42: 开始处理输入文本: 你是谁？
2024/12/23 11:40:15 client.go:93: ✅ 处理完成，耗时: 2.5019022s, 输出长度: 440字符
2024/12/23 11:40:15 main.go:229: 已处理第 31 行
2024/12/23 11:40:15 client.go:42: 开始处理输入文本: 你是谁？
2024/12/23 11:40:16 client.go:93: ✅ 处理完成，耗时: 3.234588s, 输出长度: 385字符
2024/12/23 11:40:16 main.go:229: 已处理第 35 行
2024/12/23 11:40:16 client.go:93: ✅ 处理完成，耗时: 3.8052137s, 输出长度: 442字符
2024/12/23 11:40:16 main.go:229: 已处理第 6 行
2024/12/23 11:40:17 client.go:93: ✅ 处理完成，耗时: 4.0217735s, 输出长度: 479字符
2024/12/23 11:40:17 main.go:229: 已处理第 28 行
2024/12/23 11:40:19 client.go:93: ✅ 处理完成，耗时: 4.0340189s, 输出长度: 434字符
2024/12/23 11:40:19 main.go:229: 已处理第 30 行
2024/12/23 11:40:19 main.go:256: ✅ 处理完成！
2024/12/23 11:40:19 main.go:257: 总行数: 38
2024/12/23 11:40:19 main.go:258: 总耗时: 28.3096558s
2024/12/23 11:40:19 main.go:259: 结果已保存到 output_2024-12-23_11-40-19.xlsx
