2024/12/23 11:37:12 logger.go:37: 日志系统初始化完成，日志文件：logs\2024-12-23_11-37-12.log
2024/12/23 11:37:12 main.go:178: 程序开始执行，正在打开输入文件 './uploads/新建 XLSX 工作表.xlsx'...
2024/12/23 11:37:12 main.go:196: ✅ 成功读取输入文件，共有 38 行数据需要处理
2024/12/23 11:37:12 main.go:210: 开始并发处理数据，并发数: 4
2024/12/23 11:37:12 main.go:213: ⚠️ 跳过第 1 行：空行
2024/12/23 11:37:12 client.go:42: 开始处理输入文本: 你是谁？
2024/12/23 11:37:12 client.go:42: 开始处理输入文本: 你是谁？
2024/12/23 11:37:12 client.go:42: 开始处理输入文本: 你是谁？
2024/12/23 11:37:12 client.go:42: 开始处理输入文本: 你是谁？
2024/12/23 11:37:15 client.go:75: ❌ API返回非200状态码: 400
2024/12/23 11:37:15 main.go:229: 已处理第 2 行
2024/12/23 11:37:15 client.go:42: 开始处理输入文本: 你是谁？
2024/12/23 11:37:15 client.go:75: ❌ API返回非200状态码: 400
2024/12/23 11:37:15 main.go:229: 已处理第 3 行
2024/12/23 11:37:15 client.go:42: 开始处理输入文本: 你是谁？
2024/12/23 11:37:16 client.go:75: ❌ API返回非200状态码: 400
2024/12/23 11:37:16 main.go:229: 已处理第 10 行
2024/12/23 11:37:16 client.go:42: 开始处理输入文本: 你是谁？
2024/12/23 11:37:16 client.go:75: ❌ API返回非200状态码: 400
2024/12/23 11:37:16 main.go:229: 已处理第 4 行
2024/12/23 11:37:16 client.go:42: 开始处理输入文本: 你是谁？
2024/12/23 11:37:17 client.go:75: ❌ API返回非200状态码: 400
2024/12/23 11:37:17 main.go:229: 已处理第 7 行
2024/12/23 11:37:17 client.go:42: 开始处理输入文本: 你是谁？
2024/12/23 11:37:17 client.go:75: ❌ API返回非200状态码: 400
2024/12/23 11:37:17 main.go:229: 已处理第 16 行
2024/12/23 11:37:17 client.go:42: 开始处理输入文本: 你是谁？
2024/12/23 11:37:18 client.go:75: ❌ API返回非200状态码: 400
2024/12/23 11:37:18 main.go:229: 已处理第 5 行
2024/12/23 11:37:18 client.go:42: 开始处理输入文本: 你是谁？
2024/12/23 11:37:19 client.go:75: ❌ API返回非200状态码: 400
2024/12/23 11:37:19 main.go:229: 已处理第 11 行
2024/12/23 11:37:19 client.go:42: 开始处理输入文本: 你是谁？
2024/12/23 11:37:19 client.go:75: ❌ API返回非200状态码: 400
2024/12/23 11:37:19 main.go:229: 已处理第 6 行
2024/12/23 11:37:19 client.go:42: 开始处理输入文本: 你是谁？
2024/12/23 11:37:20 client.go:75: ❌ API返回非200状态码: 400
2024/12/23 11:37:20 main.go:229: 已处理第 12 行
2024/12/23 11:37:20 client.go:42: 开始处理输入文本: 你是谁？
2024/12/23 11:37:20 client.go:75: ❌ API返回非200状态码: 400
2024/12/23 11:37:20 main.go:229: 已处理第 13 行
2024/12/23 11:37:20 client.go:42: 开始处理输入文本: 你是谁？
2024/12/23 11:37:21 client.go:75: ❌ API返回非200状态码: 400
2024/12/23 11:37:21 main.go:229: 已处理第 15 行
2024/12/23 11:37:21 client.go:42: 开始处理输入文本: 你是谁？
2024/12/23 11:37:21 client.go:75: ❌ API返回非200状态码: 400
2024/12/23 11:37:21 main.go:229: 已处理第 14 行
2024/12/23 11:37:21 client.go:42: 开始处理输入文本: 你是谁？
2024/12/23 11:37:22 client.go:75: ❌ API返回非200状态码: 400
2024/12/23 11:37:22 main.go:229: 已处理第 20 行
2024/12/23 11:37:22 client.go:42: 开始处理输入文本: 你是谁？
2024/12/23 11:37:23 client.go:75: ❌ API返回非200状态码: 400
2024/12/23 11:37:23 main.go:229: 已处理第 18 行
2024/12/23 11:37:23 client.go:42: 开始处理输入文本: 你是谁？
2024/12/23 11:37:24 client.go:75: ❌ API返回非200状态码: 400
2024/12/23 11:37:24 main.go:229: 已处理第 17 行
2024/12/23 11:37:24 client.go:42: 开始处理输入文本: 你是谁？
2024/12/23 11:37:24 client.go:75: ❌ API返回非200状态码: 400
2024/12/23 11:37:24 main.go:229: 已处理第 8 行
2024/12/23 11:37:24 client.go:42: 开始处理输入文本: 你是谁？
2024/12/23 11:37:25 client.go:75: ❌ API返回非200状态码: 400
2024/12/23 11:37:25 main.go:229: 已处理第 19 行
2024/12/23 11:37:25 client.go:42: 开始处理输入文本: 你是谁？
2024/12/23 11:37:26 client.go:75: ❌ API返回非200状态码: 400
2024/12/23 11:37:26 main.go:229: 已处理第 21 行
2024/12/23 11:37:26 client.go:42: 开始处理输入文本: 你是谁？
2024/12/23 11:37:27 client.go:75: ❌ API返回非200状态码: 400
2024/12/23 11:37:27 main.go:229: 已处理第 22 行
2024/12/23 11:37:27 client.go:42: 开始处理输入文本: 你是谁？
2024/12/23 11:37:27 client.go:75: ❌ API返回非200状态码: 400
2024/12/23 11:37:27 main.go:229: 已处理第 23 行
2024/12/23 11:37:27 client.go:42: 开始处理输入文本: 你是谁？
2024/12/23 11:37:28 client.go:75: ❌ API返回非200状态码: 400
2024/12/23 11:37:28 main.go:229: 已处理第 9 行
2024/12/23 11:37:28 client.go:42: 开始处理输入文本: 你是谁？
2024/12/23 11:37:29 client.go:75: ❌ API返回非200状态码: 400
2024/12/23 11:37:29 main.go:229: 已处理第 25 行
2024/12/23 11:37:29 client.go:42: 开始处理输入文本: 你是谁？
2024/12/23 11:37:29 client.go:75: ❌ API返回非200状态码: 400
2024/12/23 11:37:29 main.go:229: 已处理第 24 行
2024/12/23 11:37:29 client.go:42: 开始处理输入文本: 你是谁？
2024/12/23 11:37:30 client.go:75: ❌ API返回非200状态码: 400
2024/12/23 11:37:30 main.go:229: 已处理第 32 行
2024/12/23 11:37:30 client.go:42: 开始处理输入文本: 你是谁？
2024/12/23 11:37:31 client.go:75: ❌ API返回非200状态码: 400
2024/12/23 11:37:31 main.go:229: 已处理第 35 行
2024/12/23 11:37:31 client.go:42: 开始处理输入文本: 你是谁？
2024/12/23 11:37:31 client.go:75: ❌ API返回非200状态码: 400
2024/12/23 11:37:31 main.go:229: 已处理第 27 行
2024/12/23 11:37:31 client.go:42: 开始处理输入文本: 你是谁？
2024/12/23 11:37:32 client.go:75: ❌ API返回非200状态码: 400
2024/12/23 11:37:32 main.go:229: 已处理第 36 行
2024/12/23 11:37:32 client.go:42: 开始处理输入文本: 你是谁？
2024/12/23 11:37:32 client.go:75: ❌ API返回非200状态码: 400
2024/12/23 11:37:32 main.go:229: 已处理第 38 行
2024/12/23 11:37:32 client.go:42: 开始处理输入文本: 你是谁？
2024/12/23 11:37:34 client.go:75: ❌ API返回非200状态码: 400
2024/12/23 11:37:34 main.go:229: 已处理第 31 行
2024/12/23 11:37:34 client.go:42: 开始处理输入文本: 你是谁？
2024/12/23 11:37:34 client.go:75: ❌ API返回非200状态码: 400
2024/12/23 11:37:34 main.go:229: 已处理第 34 行
2024/12/23 11:37:34 client.go:42: 开始处理输入文本: 你是谁？
2024/12/23 11:37:35 client.go:75: ❌ API返回非200状态码: 400
2024/12/23 11:37:35 main.go:229: 已处理第 37 行
2024/12/23 11:37:35 client.go:42: 开始处理输入文本: 你是谁？
2024/12/23 11:37:36 client.go:75: ❌ API返回非200状态码: 400
2024/12/23 11:37:36 main.go:229: 已处理第 30 行
2024/12/23 11:37:36 client.go:42: 开始处理输入文本: 你是谁？
2024/12/23 11:37:36 client.go:75: ❌ API返回非200状态码: 400
2024/12/23 11:37:36 main.go:229: 已处理第 28 行
2024/12/23 11:37:36 client.go:75: ❌ API返回非200状态码: 400
2024/12/23 11:37:36 main.go:229: 已处理第 33 行
2024/12/23 11:37:40 client.go:75: ❌ API返回非200状态码: 400
2024/12/23 11:37:40 main.go:229: 已处理第 29 行
2024/12/23 11:37:40 client.go:75: ❌ API返回非200状态码: 400
2024/12/23 11:37:40 main.go:229: 已处理第 26 行
2024/12/23 11:37:40 main.go:256: ✅ 处理完成！
2024/12/23 11:37:40 main.go:257: 总行数: 38
2024/12/23 11:37:40 main.go:258: 总耗时: 27.4318369s
2024/12/23 11:37:40 main.go:259: 结果已保存到 output_2024-12-23_11-37-40.xlsx
