2024/12/23 16:25:44 logger.go:37: 日志系统初始化完成，日志文件：logs\2024-12-23_16-25-44.log
2024/12/23 16:25:44 main.go:189: 程序开始执行，正在打开输入文件 './uploads/新建 XLSX 工作表.xlsx'...
2024/12/23 16:25:44 main.go:207: ✅ 成功读取输入文件，共有 38 行数据需要处理
2024/12/23 16:25:44 main.go:221: 开始并发处理数据，并发数: 4
2024/12/23 16:25:44 main.go:224: ⚠️ 跳过第 1 行：空行
2024/12/23 16:25:44 client.go:42: 开始处理输入文本: 你是谁？
2024/12/23 16:25:44 client.go:42: 开始处理输入文本: 你是谁？
2024/12/23 16:25:44 client.go:42: 开始处理输入文本: 你是谁？
2024/12/23 16:25:44 client.go:42: 开始处理输入文本: 你是谁？
2024/12/23 16:25:48 client.go:93: ✅ 处理完成，耗时: 3.9819442s, 输出长度: 380字符
2024/12/23 16:25:48 main.go:240: 已处理第 2 行
2024/12/23 16:25:48 client.go:42: 开始处理输入文本: 你是谁？
2024/12/23 16:25:48 client.go:93: ✅ 处理完成，耗时: 4.1340693s, 输出长度: 425字符
2024/12/23 16:25:48 main.go:240: 已处理第 4 行
2024/12/23 16:25:48 client.go:42: 开始处理输入文本: 你是谁？
2024/12/23 16:25:49 client.go:93: ✅ 处理完成，耗时: 4.4659519s, 输出长度: 448字符
2024/12/23 16:25:49 main.go:240: 已处理第 21 行
2024/12/23 16:25:49 client.go:42: 开始处理输入文本: 你是谁？
2024/12/23 16:25:49 client.go:93: ✅ 处理完成，耗时: 4.6920496s, 输出长度: 396字符
2024/12/23 16:25:49 main.go:240: 已处理第 3 行
2024/12/23 16:25:49 client.go:42: 开始处理输入文本: 你是谁？
2024/12/23 16:25:51 client.go:93: ✅ 处理完成，耗时: 2.5742064s, 输出长度: 476字符
2024/12/23 16:25:51 main.go:240: 已处理第 30 行
2024/12/23 16:25:51 client.go:42: 开始处理输入文本: 你是谁？
2024/12/23 16:25:51 client.go:93: ✅ 处理完成，耗时: 2.6647625s, 输出长度: 385字符
2024/12/23 16:25:51 main.go:240: 已处理第 22 行
2024/12/23 16:25:51 client.go:42: 开始处理输入文本: 你是谁？
2024/12/23 16:25:52 client.go:93: ✅ 处理完成，耗时: 3.36854s, 输出长度: 405字符
2024/12/23 16:25:52 main.go:240: 已处理第 24 行
2024/12/23 16:25:52 client.go:42: 开始处理输入文本: 你是谁？
2024/12/23 16:25:53 client.go:93: ✅ 处理完成，耗时: 4.1532275s, 输出长度: 407字符
2024/12/23 16:25:53 main.go:240: 已处理第 23 行
2024/12/23 16:25:53 client.go:42: 开始处理输入文本: 你是谁？
2024/12/23 16:25:54 client.go:93: ✅ 处理完成，耗时: 2.5949924s, 输出长度: 422字符
2024/12/23 16:25:54 main.go:240: 已处理第 26 行
2024/12/23 16:25:54 client.go:42: 开始处理输入文本: 你是谁？
2024/12/23 16:25:54 client.go:93: ✅ 处理完成，耗时: 3.7310819s, 输出长度: 414字符
2024/12/23 16:25:54 main.go:240: 已处理第 25 行
2024/12/23 16:25:54 client.go:42: 开始处理输入文本: 你是谁？
2024/12/23 16:25:54 client.go:93: ✅ 处理完成，耗时: 2.3101059s, 输出长度: 311字符
2024/12/23 16:25:54 main.go:240: 已处理第 27 行
2024/12/23 16:25:54 client.go:42: 开始处理输入文本: 你是谁？
2024/12/23 16:25:55 client.go:93: ✅ 处理完成，耗时: 2.3137129s, 输出长度: 391字符
2024/12/23 16:25:55 main.go:240: 已处理第 28 行
2024/12/23 16:25:55 client.go:42: 开始处理输入文本: 你是谁？
2024/12/23 16:25:58 client.go:93: ✅ 处理完成，耗时: 4.0808551s, 输出长度: 486字符
2024/12/23 16:25:58 main.go:240: 已处理第 29 行
2024/12/23 16:25:58 client.go:42: 开始处理输入文本: 你是谁？
2024/12/23 16:25:58 client.go:93: ✅ 处理完成，耗时: 3.5737542s, 输出长度: 394字符
2024/12/23 16:25:58 main.go:240: 已处理第 12 行
2024/12/23 16:25:58 client.go:42: 开始处理输入文本: 你是谁？
2024/12/23 16:25:58 client.go:93: ✅ 处理完成，耗时: 3.1302145s, 输出长度: 388字符
2024/12/23 16:25:58 main.go:240: 已处理第 6 行
2024/12/23 16:25:58 client.go:42: 开始处理输入文本: 你是谁？
2024/12/23 16:25:59 client.go:93: ✅ 处理完成，耗时: 5.0148682s, 输出长度: 524字符
2024/12/23 16:25:59 main.go:240: 已处理第 5 行
2024/12/23 16:25:59 client.go:42: 开始处理输入文本: 你是谁？
2024/12/23 16:26:01 client.go:93: ✅ 处理完成，耗时: 3.1672825s, 输出长度: 404字符
2024/12/23 16:26:01 main.go:240: 已处理第 8 行
2024/12/23 16:26:01 client.go:42: 开始处理输入文本: 你是谁？
2024/12/23 16:26:02 client.go:93: ✅ 处理完成，耗时: 3.5808113s, 输出长度: 455字符
2024/12/23 16:26:02 main.go:240: 已处理第 9 行
2024/12/23 16:26:02 client.go:42: 开始处理输入文本: 你是谁？
2024/12/23 16:26:02 client.go:93: ✅ 处理完成，耗时: 4.1874714s, 输出长度: 448字符
2024/12/23 16:26:02 main.go:240: 已处理第 7 行
2024/12/23 16:26:02 client.go:42: 开始处理输入文本: 你是谁？
2024/12/23 16:26:03 client.go:93: ✅ 处理完成，耗时: 3.7745031s, 输出长度: 463字符
2024/12/23 16:26:03 main.go:240: 已处理第 10 行
2024/12/23 16:26:03 client.go:42: 开始处理输入文本: 你是谁？
2024/12/23 16:26:04 client.go:93: ✅ 处理完成，耗时: 1.8557941s, 输出长度: 412字符
2024/12/23 16:26:04 main.go:240: 已处理第 11 行
2024/12/23 16:26:04 client.go:42: 开始处理输入文本: 你是谁？
2024/12/23 16:26:04 client.go:93: ✅ 处理完成，耗时: 2.721782s, 输出长度: 469字符
2024/12/23 16:26:04 main.go:240: 已处理第 34 行
2024/12/23 16:26:04 client.go:42: 开始处理输入文本: 你是谁？
2024/12/23 16:26:05 client.go:93: ✅ 处理完成，耗时: 3.3390385s, 输出长度: 449字符
2024/12/23 16:26:05 main.go:240: 已处理第 31 行
2024/12/23 16:26:05 client.go:42: 开始处理输入文本: 你是谁？
2024/12/23 16:26:06 client.go:93: ✅ 处理完成，耗时: 1.9164319s, 输出长度: 356字符
2024/12/23 16:26:06 main.go:240: 已处理第 36 行
2024/12/23 16:26:06 client.go:42: 开始处理输入文本: 你是谁？
2024/12/23 16:26:06 client.go:93: ✅ 处理完成，耗时: 3.1618435s, 输出长度: 388字符
2024/12/23 16:26:06 main.go:240: 已处理第 33 行
2024/12/23 16:26:06 client.go:42: 开始处理输入文本: 你是谁？
2024/12/23 16:26:07 client.go:93: ✅ 处理完成，耗时: 3.2331868s, 输出长度: 457字符
2024/12/23 16:26:07 main.go:240: 已处理第 32 行
2024/12/23 16:26:07 client.go:42: 开始处理输入文本: 你是谁？
2024/12/23 16:26:09 client.go:93: ✅ 处理完成，耗时: 1.7525871s, 输出长度: 320字符
2024/12/23 16:26:09 main.go:240: 已处理第 17 行
2024/12/23 16:26:09 client.go:42: 开始处理输入文本: 你是谁？
2024/12/23 16:26:09 client.go:93: ✅ 处理完成，耗时: 2.5381597s, 输出长度: 435字符
2024/12/23 16:26:09 main.go:240: 已处理第 13 行
2024/12/23 16:26:09 client.go:42: 开始处理输入文本: 你是谁？
2024/12/23 16:26:09 client.go:93: ✅ 处理完成，耗时: 3.5341057s, 输出长度: 395字符
2024/12/23 16:26:09 main.go:240: 已处理第 37 行
2024/12/23 16:26:09 client.go:42: 开始处理输入文本: 你是谁？
2024/12/23 16:26:09 client.go:93: ✅ 处理完成，耗时: 4.2966919s, 输出长度: 469字符
2024/12/23 16:26:09 main.go:240: 已处理第 35 行
2024/12/23 16:26:09 client.go:42: 开始处理输入文本: 你是谁？
2024/12/23 16:26:11 client.go:93: ✅ 处理完成，耗时: 1.6620517s, 输出长度: 344字符
2024/12/23 16:26:11 main.go:240: 已处理第 18 行
2024/12/23 16:26:11 client.go:42: 开始处理输入文本: 你是谁？
2024/12/23 16:26:12 client.go:93: ✅ 处理完成，耗时: 3.145201s, 输出长度: 406字符
2024/12/23 16:26:12 main.go:240: 已处理第 19 行
2024/12/23 16:26:12 client.go:42: 开始处理输入文本: 你是谁？
2024/12/23 16:26:13 client.go:93: ✅ 处理完成，耗时: 3.9179234s, 输出长度: 376字符
2024/12/23 16:26:13 main.go:240: 已处理第 20 行
2024/12/23 16:26:13 client.go:42: 开始处理输入文本: 你是谁？
2024/12/23 16:26:14 client.go:93: ✅ 处理完成，耗时: 4.3343812s, 输出长度: 491字符
2024/12/23 16:26:14 main.go:240: 已处理第 14 行
2024/12/23 16:26:14 client.go:93: ✅ 处理完成，耗时: 3.3750416s, 输出长度: 388字符
2024/12/23 16:26:14 main.go:240: 已处理第 15 行
2024/12/23 16:26:15 client.go:93: ✅ 处理完成，耗时: 2.6850425s, 输出长度: 377字符
2024/12/23 16:26:15 main.go:240: 已处理第 16 行
2024/12/23 16:26:15 client.go:93: ✅ 处理完成，耗时: 2.3059996s, 输出长度: 392字符
2024/12/23 16:26:15 main.go:240: 已处理第 38 行
2024/12/23 16:26:15 main.go:267: ✅ 处理完成！
2024/12/23 16:26:15 main.go:268: 总行数: 38
2024/12/23 16:26:15 main.go:269: 总耗时: 31.1987406s
2024/12/23 16:26:15 main.go:270: 结果已保存到 output_2024-12-23_16-26-15.xlsx
