2024/12/23 10:32:52 logger.go:37: 日志系统初始化完成，日志文件：logs\2024-12-23_10-32-52.log
2024/12/23 10:32:52 main.go:103: 程序开始执行，正在打开输入文件 './uploads/新建 XLSX 工作表.xlsx'...
2024/12/23 10:32:52 main.go:121: ✅ 成功读取输入文件，共有 38 行数据需要处理
2024/12/23 10:32:52 main.go:135: 开始并发处理数据，并发数: 4
2024/12/23 10:32:52 main.go:138: ⚠️ 跳过第 1 行：空行
2024/12/23 10:32:52 client.go:42: 开始处理输入文本: 你是谁？
2024/12/23 10:32:52 client.go:42: 开始处理输入文本: 你是谁？
2024/12/23 10:32:52 client.go:42: 开始处理输入文本: 你是谁？
2024/12/23 10:32:52 client.go:42: 开始处理输入文本: 你是谁？
2024/12/23 10:32:54 client.go:93: ✅ 处理完成，耗时: 2.1532702s, 输出长度: 385字符
2024/12/23 10:32:54 main.go:154: 已处理第 3 行
2024/12/23 10:32:54 client.go:42: 开始处理输入文本: 你是谁？
2024/12/23 10:32:54 client.go:93: ✅ 处理完成，耗时: 2.1532702s, 输出长度: 385字符
2024/12/23 10:32:54 main.go:154: 已处理第 2 行
2024/12/23 10:32:54 client.go:42: 开始处理输入文本: 你是谁？
2024/12/23 10:32:56 client.go:93: ✅ 处理完成，耗时: 3.7901123s, 输出长度: 457字符
2024/12/23 10:32:56 main.go:154: 已处理第 7 行
2024/12/23 10:32:56 client.go:42: 开始处理输入文本: 你是谁？
2024/12/23 10:32:56 client.go:93: ✅ 处理完成，耗时: 4.133265s, 输出长度: 397字符
2024/12/23 10:32:56 main.go:154: 已处理第 5 行
2024/12/23 10:32:56 client.go:42: 开始处理输入文本: 你是谁？
2024/12/23 10:32:57 client.go:93: ✅ 处理完成，耗时: 2.2678598s, 输出长度: 469字符
2024/12/23 10:32:57 main.go:154: 已处理第 8 行
2024/12/23 10:32:57 client.go:42: 开始处理输入文本: 你是谁？
2024/12/23 10:32:57 client.go:93: ✅ 处理完成，耗时: 2.6528439s, 输出长度: 428字符
2024/12/23 10:32:57 main.go:154: 已处理第 4 行
2024/12/23 10:32:57 client.go:42: 开始处理输入文本: 你是谁？
2024/12/23 10:32:58 client.go:93: ✅ 处理完成，耗时: 2.2045699s, 输出长度: 422字符
2024/12/23 10:32:58 main.go:154: 已处理第 9 行
2024/12/23 10:32:58 client.go:42: 开始处理输入文本: 你是谁？
2024/12/23 10:32:59 client.go:93: ✅ 处理完成，耗时: 2.1007325s, 输出长度: 420字符
2024/12/23 10:32:59 main.go:154: 已处理第 14 行
2024/12/23 10:32:59 client.go:42: 开始处理输入文本: 你是谁？
2024/12/23 10:32:59 client.go:93: ✅ 处理完成，耗时: 3.0459558s, 输出长度: 416字符
2024/12/23 10:32:59 main.go:154: 已处理第 6 行
2024/12/23 10:32:59 client.go:42: 开始处理输入文本: 你是谁？
2024/12/23 10:32:59 client.go:93: ✅ 处理完成，耗时: 2.4483617s, 输出长度: 570字符
2024/12/23 10:32:59 main.go:154: 已处理第 19 行
2024/12/23 10:32:59 client.go:42: 开始处理输入文本: 你是谁？
2024/12/23 10:33:02 client.go:93: ✅ 处理完成，耗时: 3.2883255s, 输出长度: 464字符
2024/12/23 10:33:02 main.go:154: 已处理第 15 行
2024/12/23 10:33:02 client.go:42: 开始处理输入文本: 你是谁？
2024/12/23 10:33:02 client.go:93: ✅ 处理完成，耗时: 3.8604333s, 输出长度: 410字符
2024/12/23 10:33:02 main.go:154: 已处理第 24 行
2024/12/23 10:33:02 client.go:42: 开始处理输入文本: 你是谁？
2024/12/23 10:33:03 client.go:93: ✅ 处理完成，耗时: 3.5544662s, 输出长度: 385字符
2024/12/23 10:33:03 main.go:154: 已处理第 10 行
2024/12/23 10:33:03 client.go:42: 开始处理输入文本: 你是谁？
2024/12/23 10:33:03 client.go:93: ✅ 处理完成，耗时: 3.5994793s, 输出长度: 423字符
2024/12/23 10:33:03 main.go:154: 已处理第 29 行
2024/12/23 10:33:03 client.go:42: 开始处理输入文本: 你是谁？
2024/12/23 10:33:04 client.go:93: ✅ 处理完成，耗时: 1.6812724s, 输出长度: 406字符
2024/12/23 10:33:04 main.go:154: 已处理第 16 行
2024/12/23 10:33:04 client.go:42: 开始处理输入文本: 你是谁？
2024/12/23 10:33:04 client.go:93: ✅ 处理完成，耗时: 2.3544333s, 输出长度: 445字符
2024/12/23 10:33:04 main.go:154: 已处理第 25 行
2024/12/23 10:33:04 client.go:42: 开始处理输入文本: 你是谁？
2024/12/23 10:33:05 client.go:93: ✅ 处理完成，耗时: 2.1690451s, 输出长度: 401字符
2024/12/23 10:33:05 main.go:154: 已处理第 21 行
2024/12/23 10:33:05 client.go:42: 开始处理输入文本: 你是谁？
2024/12/23 10:33:05 client.go:93: ✅ 处理完成，耗时: 2.2517656s, 输出长度: 390字符
2024/12/23 10:33:05 main.go:154: 已处理第 26 行
2024/12/23 10:33:05 client.go:42: 开始处理输入文本: 你是谁？
2024/12/23 10:33:06 client.go:93: ✅ 处理完成，耗时: 2.8918283s, 输出长度: 469字符
2024/12/23 10:33:06 main.go:154: 已处理第 17 行
2024/12/23 10:33:06 client.go:42: 开始处理输入文本: 你是谁？
2024/12/23 10:33:07 client.go:93: ✅ 处理完成，耗时: 2.8500402s, 输出长度: 365字符
2024/12/23 10:33:07 main.go:154: 已处理第 27 行
2024/12/23 10:33:07 client.go:42: 开始处理输入文本: 你是谁？
2024/12/23 10:33:09 client.go:93: ✅ 处理完成，耗时: 3.6401829s, 输出长度: 407字符
2024/12/23 10:33:09 main.go:154: 已处理第 18 行
2024/12/23 10:33:09 client.go:42: 开始处理输入文本: 你是谁？
2024/12/23 10:33:09 client.go:93: ✅ 处理完成，耗时: 2.0021651s, 输出长度: 461字符
2024/12/23 10:33:09 main.go:154: 已处理第 30 行
2024/12/23 10:33:09 client.go:42: 开始处理输入文本: 你是谁？
2024/12/23 10:33:09 client.go:93: ✅ 处理完成，耗时: 4.3928132s, 输出长度: 497字符
2024/12/23 10:33:09 main.go:154: 已处理第 28 行
2024/12/23 10:33:09 client.go:42: 开始处理输入文本: 你是谁？
2024/12/23 10:33:10 client.go:93: ✅ 处理完成，耗时: 3.7482095s, 输出长度: 470字符
2024/12/23 10:33:10 main.go:154: 已处理第 12 行
2024/12/23 10:33:10 client.go:42: 开始处理输入文本: 你是谁？
2024/12/23 10:33:12 client.go:93: ✅ 处理完成，耗时: 1.4321119s, 输出长度: 305字符
2024/12/23 10:33:12 main.go:154: 已处理第 33 行
2024/12/23 10:33:12 client.go:42: 开始处理输入文本: 你是谁？
2024/12/23 10:33:12 client.go:93: ✅ 处理完成，耗时: 3.5074105s, 输出长度: 401字符
2024/12/23 10:33:12 main.go:154: 已处理第 32 行
2024/12/23 10:33:12 client.go:42: 开始处理输入文本: 你是谁？
2024/12/23 10:33:12 client.go:93: ✅ 处理完成，耗时: 3.3381957s, 输出长度: 469字符
2024/12/23 10:33:12 main.go:154: 已处理第 34 行
2024/12/23 10:33:12 client.go:42: 开始处理输入文本: 你是谁？
2024/12/23 10:33:13 client.go:93: ✅ 处理完成，耗时: 3.4891367s, 输出长度: 414字符
2024/12/23 10:33:13 main.go:154: 已处理第 23 行
2024/12/23 10:33:13 client.go:42: 开始处理输入文本: 你是谁？
2024/12/23 10:33:15 client.go:93: ✅ 处理完成，耗时: 2.3789903s, 输出长度: 438字符
2024/12/23 10:33:15 main.go:154: 已处理第 35 行
2024/12/23 10:33:15 client.go:42: 开始处理输入文本: 你是谁？
2024/12/23 10:33:16 client.go:93: ✅ 处理完成，耗时: 3.9656649s, 输出长度: 476字符
2024/12/23 10:33:16 main.go:154: 已处理第 13 行
2024/12/23 10:33:16 client.go:42: 开始处理输入文本: 你是谁？
2024/12/23 10:33:16 client.go:93: ✅ 处理完成，耗时: 3.3352277s, 输出长度: 412字符
2024/12/23 10:33:16 main.go:154: 已处理第 31 行
2024/12/23 10:33:16 client.go:42: 开始处理输入文本: 你是谁？
2024/12/23 10:33:16 client.go:93: ✅ 处理完成，耗时: 3.610786s, 输出长度: 406字符
2024/12/23 10:33:16 main.go:154: 已处理第 11 行
2024/12/23 10:33:16 client.go:42: 开始处理输入文本: 你是谁？
2024/12/23 10:33:18 client.go:93: ✅ 处理完成，耗时: 3.1095643s, 输出长度: 383字符
2024/12/23 10:33:18 main.go:154: 已处理第 20 行
2024/12/23 10:33:18 client.go:42: 开始处理输入文本: 你是谁？
2024/12/23 10:33:19 client.go:93: ✅ 处理完成，耗时: 2.9981986s, 输出长度: 431字符
2024/12/23 10:33:19 main.go:154: 已处理第 36 行
2024/12/23 10:33:19 client.go:93: ✅ 处理完成，耗时: 2.8366648s, 输出长度: 421字符
2024/12/23 10:33:19 main.go:154: 已处理第 38 行
2024/12/23 10:33:20 client.go:93: ✅ 处理完成，耗时: 4.3053059s, 输出长度: 425字符
2024/12/23 10:33:20 main.go:154: 已处理第 37 行
2024/12/23 10:33:21 client.go:93: ✅ 处理完成，耗时: 2.5379084s, 输出长度: 484字符
2024/12/23 10:33:21 main.go:154: 已处理第 22 行
2024/12/23 10:33:21 main.go:181: ✅ 处理完成！
2024/12/23 10:33:21 main.go:182: 总行数: 38
2024/12/23 10:33:21 main.go:183: 总耗时: 28.4358051s
2024/12/23 10:33:21 main.go:184: 结果已保存到 output_2024-12-23_10-33-21.xlsx
