2025/01/13 15:08:32 logger.go:37: 日志系统初始化完成，日志文件：logs/2025-01-13_15-08-32.log
2025/01/13 15:08:32 main.go:223: 程序开始执行，正在打开输入文件 './uploads/工作簿3.xlsx'...
2025/01/13 15:08:32 main.go:241: ✅ 成功读取输入文件，共有 14 行数据需要处理
2025/01/13 15:08:32 main.go:255: 开始并发处理数据，并发数: 4
2025/01/13 15:08:32 client.go:42: 开始处理输入文本: 阿斯顿发大水房贷首付
2025/01/13 15:08:32 client.go:42: 开始处理输入文本: 地方撒发多少f
2025/01/13 15:08:32 client.go:42: 开始处理输入文本: 大叔嗄6服5多少4呵分哒谁
2025/01/13 15:08:32 client.go:42: 开始处理输入文本: 是大范德萨发dsa
2025/01/13 15:08:34 client.go:93: ✅ 处理完成，耗时: 2.38543525s, 输出长度: 236字符
2025/01/13 15:08:34 main.go:274: 已处理第 8 行
2025/01/13 15:08:34 client.go:42: 开始处理输入文本: 大撒范德萨范德萨发
2025/01/13 15:08:34 client.go:93: ✅ 处理完成，耗时: 2.481147125s, 输出长度: 178字符
2025/01/13 15:08:34 main.go:274: 已处理第 7 行
2025/01/13 15:08:34 client.go:42: 开始处理输入文本: 是大范德萨发多少
2025/01/13 15:08:35 client.go:93: ✅ 处理完成，耗时: 995.573458ms, 输出长度: 87字符
2025/01/13 15:08:35 main.go:274: 已处理第 1 行
2025/01/13 15:08:35 client.go:42: 开始处理输入文本: 大发发多少发多少
2025/01/13 15:08:36 client.go:93: ✅ 处理完成，耗时: 3.990462333s, 输出长度: 171字符
2025/01/13 15:08:36 main.go:274: 已处理第 5 行
2025/01/13 15:08:36 client.go:42: 开始处理输入文本: dfsafasd
2025/01/13 15:08:37 client.go:93: ✅ 处理完成，耗时: 2.650193458s, 输出长度: 281字符
2025/01/13 15:08:37 main.go:274: 已处理第 6 行
2025/01/13 15:08:37 client.go:42: 开始处理输入文本: 3多少锕发5✅洒5否多少
2025/01/13 15:08:37 client.go:93: ✅ 处理完成，耗时: 2.1416565s, 输出长度: 252字符
2025/01/13 15:08:37 main.go:274: 已处理第 4 行
2025/01/13 15:08:37 client.go:42: 开始处理输入文本: 鬼斧神工分大关436547
2025/01/13 15:08:38 client.go:93: ✅ 处理完成，耗时: 2.153592708s, 输出长度: 249字符
2025/01/13 15:08:38 main.go:274: 已处理第 11 行
2025/01/13 15:08:38 client.go:42: 开始处理输入文本: dsfaf
2025/01/13 15:08:38 client.go:93: ✅ 处理完成，耗时: 1.476374417s, 输出长度: 168字符
2025/01/13 15:08:38 main.go:274: 已处理第 9 行
2025/01/13 15:08:38 client.go:42: 开始处理输入文本: gagwetrewtwet
2025/01/13 15:08:39 client.go:93: ✅ 处理完成，耗时: 1.537811s, 输出长度: 162字符
2025/01/13 15:08:39 main.go:274: 已处理第 13 行
2025/01/13 15:08:39 client.go:42: 开始处理输入文本: 是大范德萨发
2025/01/13 15:08:39 client.go:93: ✅ 处理完成，耗时: 1.127733209s, 输出长度: 120字符
2025/01/13 15:08:39 main.go:274: 已处理第 12 行
2025/01/13 15:08:39 client.go:42: 开始处理输入文本: fdsafsadfdsafcdvzxcv
2025/01/13 15:08:40 client.go:93: ✅ 处理完成，耗时: 8.579335792s, 输出长度: 1364字符
2025/01/13 15:08:40 main.go:274: 已处理第 3 行
2025/01/13 15:08:40 client.go:93: ✅ 处理完成，耗时: 1.044014625s, 输出长度: 153字符
2025/01/13 15:08:40 main.go:274: 已处理第 14 行
2025/01/13 15:08:42 client.go:93: ✅ 处理完成，耗时: 5.368762292s, 输出长度: 512字符
2025/01/13 15:08:42 main.go:274: 已处理第 10 行
2025/01/13 15:08:46 client.go:93: ✅ 处理完成，耗时: 6.958380959s, 输出长度: 449字符
2025/01/13 15:08:46 main.go:274: 已处理第 2 行
2025/01/13 15:08:46 main.go:301: ✅ 处理完成！
2025/01/13 15:08:46 main.go:302: 总行数: 14
2025/01/13 15:08:46 main.go:303: 总耗时: 14.649569375s
2025/01/13 15:08:46 main.go:304: 结果已保存到 output_2025-01-13_15-08-46.xlsx
