2025/01/13 17:14:33 logger.go:37: 日志系统初始化完成，日志文件：logs/2025-01-13_17-14-33.log
2025/01/13 17:14:33 main.go:223: 程序开始执行，正在打开输入文件 './uploads/工作簿3.xlsx'...
2025/01/13 17:14:33 main.go:241: ✅ 成功读取输入文件，共有 14 行数据需要处理
2025/01/13 17:14:33 main.go:255: 开始并发处理数据，并发数: 4
2025/01/13 17:14:33 client.go:42: 开始处理输入文本: 3多少锕发5✅洒5否多少
2025/01/13 17:14:33 client.go:42: 开始处理输入文本: 是大范德萨发dsa
2025/01/13 17:14:33 client.go:42: 开始处理输入文本: 是大范德萨发
2025/01/13 17:14:33 client.go:42: 开始处理输入文本: 大叔嗄6服5多少4呵分哒谁
2025/01/13 17:14:34 client.go:93: ✅ 处理完成，耗时: 1.409520625s, 输出长度: 159字符
2025/01/13 17:14:34 main.go:274: 已处理第 8 行
2025/01/13 17:14:34 client.go:42: 开始处理输入文本: 阿斯顿发大水房贷首付
2025/01/13 17:14:35 client.go:93: ✅ 处理完成，耗时: 2.136709125s, 输出长度: 157字符
2025/01/13 17:14:35 main.go:274: 已处理第 2 行
2025/01/13 17:14:35 client.go:42: 开始处理输入文本: gagwetrewtwet
2025/01/13 17:14:35 client.go:93: ✅ 处理完成，耗时: 2.312096833s, 输出长度: 345字符
2025/01/13 17:14:35 main.go:274: 已处理第 9 行
2025/01/13 17:14:35 client.go:42: 开始处理输入文本: 鬼斧神工分大关436547
2025/01/13 17:14:36 client.go:93: ✅ 处理完成，耗时: 2.554677917s, 输出长度: 218字符
2025/01/13 17:14:36 main.go:274: 已处理第 5 行
2025/01/13 17:14:36 client.go:42: 开始处理输入文本: dfsafasd
2025/01/13 17:14:37 client.go:93: ✅ 处理完成，耗时: 1.391584292s, 输出长度: 66字符
2025/01/13 17:14:37 main.go:274: 已处理第 12 行
2025/01/13 17:14:37 client.go:42: 开始处理输入文本: 大发发多少发多少
2025/01/13 17:14:37 client.go:93: ✅ 处理完成，耗时: 2.417108s, 输出长度: 327字符
2025/01/13 17:14:37 main.go:274: 已处理第 3 行
2025/01/13 17:14:37 client.go:42: 开始处理输入文本: dsfaf
2025/01/13 17:14:38 client.go:93: ✅ 处理完成，耗时: 2.706413542s, 输出长度: 350字符
2025/01/13 17:14:38 main.go:274: 已处理第 11 行
2025/01/13 17:14:38 client.go:42: 开始处理输入文本: 地方撒发多少f
2025/01/13 17:14:39 client.go:93: ✅ 处理完成，耗时: 2.191309125s, 输出长度: 228字符
2025/01/13 17:14:39 main.go:274: 已处理第 4 行
2025/01/13 17:14:39 client.go:42: 开始处理输入文本: fdsafsadfdsafcdvzxcv
2025/01/13 17:14:39 client.go:93: ✅ 处理完成，耗时: 2.171892083s, 输出长度: 256字符
2025/01/13 17:14:39 main.go:274: 已处理第 13 行
2025/01/13 17:14:39 client.go:42: 开始处理输入文本: 是大范德萨发多少
2025/01/13 17:14:39 client.go:93: ✅ 处理完成，耗时: 1.02268725s, 输出长度: 63字符
2025/01/13 17:14:39 main.go:274: 已处理第 7 行
2025/01/13 17:14:39 client.go:42: 开始处理输入文本: 大撒范德萨范德萨发
2025/01/13 17:14:40 client.go:93: ✅ 处理完成，耗时: 1.016120125s, 输出长度: 111字符
2025/01/13 17:14:40 main.go:274: 已处理第 1 行
2025/01/13 17:14:40 client.go:93: ✅ 处理完成，耗时: 5.176573959s, 输出长度: 598字符
2025/01/13 17:14:40 main.go:274: 已处理第 10 行
2025/01/13 17:14:41 client.go:93: ✅ 处理完成，耗时: 1.945383875s, 输出长度: 255字符
2025/01/13 17:14:41 main.go:274: 已处理第 14 行
2025/01/13 17:14:42 client.go:93: ✅ 处理完成，耗时: 3.122614084s, 输出长度: 360字符
2025/01/13 17:14:42 main.go:274: 已处理第 6 行
2025/01/13 17:14:42 main.go:301: ✅ 处理完成！
2025/01/13 17:14:42 main.go:302: 总行数: 14
2025/01/13 17:14:42 main.go:303: 总耗时: 9.133194s
2025/01/13 17:14:42 main.go:304: 结果已保存到 output_2025-01-13_17-14-42.xlsx
