2025/01/15 16:46:02 logger.go:37: 日志系统初始化完成，日志文件：logs/2025-01-15_16-46-02.log
2025/01/15 16:46:02 main.go:278: 程序开始执行，正在打开输入文件 './uploads/工作簿3_with_acc.xlsx'...
2025/01/15 16:46:02 main.go:296: ✅ 成功读取输入文件，共有 14 行数据需要处理
2025/01/15 16:46:02 main.go:310: 开始并发处理数据，并发数: 4
2025/01/15 16:46:02 client.go:42: 开始处理输入文本: 是大范德萨发dsa
2025/01/15 16:46:02 client.go:42: 开始处理输入文本: 大撒范德萨范德萨发
2025/01/15 16:46:02 client.go:42: 开始处理输入文本: 鬼斧神工分大关436547
2025/01/15 16:46:02 client.go:42: 开始处理输入文本: 3多少锕发5✅洒5否多少
2025/01/15 16:46:03 client.go:93: ✅ 处理完成，耗时: 1.170513041s, 输出长度: 63字符
2025/01/15 16:46:03 main.go:329: 已处理第 1 行
2025/01/15 16:46:03 client.go:42: 开始处理输入文本: gagwetrewtwet
2025/01/15 16:46:03 client.go:93: ✅ 处理完成，耗时: 762.226ms, 输出长度: 84字符
2025/01/15 16:46:03 main.go:329: 已处理第 12 行
2025/01/15 16:46:03 client.go:42: 开始处理输入文本: 阿斯顿发大水房贷首付
2025/01/15 16:46:04 client.go:93: ✅ 处理完成，耗时: 2.746209208s, 输出长度: 240字符
2025/01/15 16:46:04 main.go:329: 已处理第 5 行
2025/01/15 16:46:04 client.go:42: 开始处理输入文本: 是大范德萨发
2025/01/15 16:46:07 client.go:93: ✅ 处理完成，耗时: 2.46881675s, 输出长度: 208字符
2025/01/15 16:46:07 main.go:329: 已处理第 2 行
2025/01/15 16:46:07 client.go:42: 开始处理输入文本: dfsafasd
2025/01/15 16:46:07 client.go:93: ✅ 处理完成，耗时: 5.399043417s, 输出长度: 135字符
2025/01/15 16:46:07 main.go:329: 已处理第 9 行
2025/01/15 16:46:07 client.go:42: 开始处理输入文本: 大叔嗄6服5多少4呵分哒谁
2025/01/15 16:46:07 client.go:93: ✅ 处理完成，耗时: 5.818520333s, 输出长度: 563字符
2025/01/15 16:46:07 main.go:329: 已处理第 10 行
2025/01/15 16:46:07 client.go:42: 开始处理输入文本: 大发发多少发多少
2025/01/15 16:46:09 client.go:93: ✅ 处理完成，耗时: 5.330188917s, 输出长度: 946字符
2025/01/15 16:46:09 main.go:329: 已处理第 3 行
2025/01/15 16:46:09 client.go:42: 开始处理输入文本: 是大范德萨发多少
2025/01/15 16:46:09 client.go:93: ✅ 处理完成，耗时: 2.342963125s, 输出长度: 180字符
2025/01/15 16:46:09 main.go:329: 已处理第 11 行
2025/01/15 16:46:09 client.go:42: 开始处理输入文本: fdsafsadfdsafcdvzxcv
2025/01/15 16:46:10 client.go:93: ✅ 处理完成，耗时: 2.673232417s, 输出长度: 192字符
2025/01/15 16:46:10 main.go:329: 已处理第 8 行
2025/01/15 16:46:10 client.go:42: 开始处理输入文本: dsfaf
2025/01/15 16:46:10 client.go:93: ✅ 处理完成，耗时: 2.967655708s, 输出长度: 272字符
2025/01/15 16:46:10 main.go:329: 已处理第 4 行
2025/01/15 16:46:10 client.go:42: 开始处理输入文本: 地方撒发多少f
2025/01/15 16:46:11 client.go:93: ✅ 处理完成，耗时: 1.583832875s, 输出长度: 156字符
2025/01/15 16:46:11 main.go:329: 已处理第 14 行
2025/01/15 16:46:11 client.go:93: ✅ 处理完成，耗时: 1.959785417s, 输出长度: 244字符
2025/01/15 16:46:11 main.go:329: 已处理第 6 行
2025/01/15 16:46:12 client.go:93: ✅ 处理完成，耗时: 2.454256125s, 输出长度: 252字符
2025/01/15 16:46:12 main.go:329: 已处理第 13 行
2025/01/15 16:46:12 client.go:93: ✅ 处理完成，耗时: 1.873591375s, 输出长度: 231字符
2025/01/15 16:46:12 main.go:329: 已处理第 7 行
2025/01/15 16:46:12 main.go:356: ✅ 处理完成！
2025/01/15 16:46:12 main.go:357: 总行数: 14
2025/01/15 16:46:12 main.go:358: 总耗时: 10.670749375s
2025/01/15 16:46:12 main.go:359: 结果已保存到 output_2025-01-15_16-46-12.xlsx
